Пользователь ИльяГусев (yallen) только что зарегистрировался на сайте.
Пользователь Илья Гусев (yall2) только что зарегистрировался на сайте.
Пользователь Гусев Илья (yall3) только что зарегистрировался на сайте.
Пользователь Илья Гусев (phoenix1200) только что зарегистрировался на сайте.
Пользователь Илья Гусев (phoenix12000) только что зарегистрировался на сайте.
Создана группа Активисты
Создана группа Пользователи
Создана группа Руководящая группа
Создана группа Кураторы
Создана группа Ответственные за волонтёров
Создана группа Ответственные за стиралку
Создана группа Активисты
Создана группа Пользователи
Создана группа Руководящая группа
Создана группа Кураторы
Создана группа Ответственные за волонтёров
Создана группа Ответственные за стиралку
Создана группа Ответственные за работу с пользователями
Создана группа Ответственные за финансы
Пользователь Илья Гусев (yallen) только что зарегистрировался на сайте.
Пользователь Илья Гусев (yallen1) только что зарегистрировался на сайте.
Создана группа Активисты
Создана группа Пользователи
Создана группа Руководящая группа
Создана группа Кураторы
Создана группа Ответственные за волонтёров
Создана группа Ответственные за стиралку
Создана группа Ответственные за работу с пользователями
Создана группа Ответственные за финансы
Пользователь Илья Гусев (yallen) только что зарегистрировался на сайте.
Создана группа Активисты
Создана группа Пользователи
Создана группа Руководящая группа
Создана группа Кураторы
Создана группа Ответственные за волонтёров
Создана группа Ответственные за стиралку
Создана группа Ответственные за работу с пользователями
Создана группа Ответственные за финансы
Пользователь Илья Гусев (yallen) только что зарегистрировался на сайте.
Создана группа Активисты
Создана группа Пользователи
Создана группа Руководящая группа
Создана группа Кураторы
Создана группа Ответственные за волонтёров
Создана группа Ответственные за стиралку
Создана группа Ответственные за работу с пользователями
Создана группа Ответственные за финансы
Пользователь Илья Гусев (yallen) только что зарегистрировался на сайте.
Создана группа Активисты
Создана группа Пользователи
Создана группа Руководящая группа
Создана группа Кураторы
Создана группа Ответственные за волонтёров
Создана группа Ответственные за стиралку
Создана группа Ответственные за работу с пользователями
Создана группа Ответственные за финансы
Создана группа Активисты
Создана группа Пользователи
Создана группа Руководящая группа
Создана группа Кураторы
Создана группа Ответственные за волонтёров
Создана группа Ответственные за стиралку
Создана группа Ответственные за работу с пользователями
Создана группа Ответственные за финансы
Пользователь Илья Гусев (yallen) только что зарегистрировался на сайте.
